<?xml version="1.0" encoding="UTF-8"?>
<robot generator="Robot 6.0.2 (Python 3.11.3 on win32)" generated="20230510 22:26:27.989" rpa="false" schemaversion="3">
<suite id="s1" name="Practice Test Automation" source="c:\Users\mstza\surfdrive\RobotFrameworkDemos\practice_test_automation.robot">
<test id="s1-t1" name="ABN Test Numeric Mortgage Calculation" line="39">
<kw name="Register Keyword To Run On Failure" library="Browser">
<arg>Take Screenshot</arg>
<arg>failure-{index}</arg>
<arg>fullPage=True</arg>
<tag>Config</tag>
<doc>Sets the keyword to execute, when a Browser keyword fails.</doc>
<msg timestamp="20230510 22:26:29.527" level="INFO">'Take Screenshot  failure-{index}  fullPage=True' will be run on failure.</msg>
<status status="PASS" starttime="20230510 22:26:29.527" endtime="20230510 22:26:29.527"/>
</kw>
<kw name="New Browser" library="Browser">
<arg>browser=firefox</arg>
<arg>headless=false</arg>
<tag>BrowserControl</tag>
<tag>Setter</tag>
<doc>Create a new playwright Browser with specified options.</doc>
<msg timestamp="20230510 22:26:29.535" level="INFO">{"browser": "firefox", "headless": false, "devtools": false, "handleSIGHUP": true, "handleSIGINT": true, "handleSIGTERM": true, "slowMo": 0.0, "timeout": 30000.0, "deprecated_pos_args": [], "tracesDir": "C:\\Users\\mstza\\surfdrive\\RobotFrameworkDemos\\browser\\traces\\2f6e3203-5918-42fc-8609-3184fca5fa5e"}</msg>
<msg timestamp="20230510 22:26:31.316" level="INFO">Successfully created browser with options: {"browser":"firefox","headless":false,"devtools":false,"handleSIGHUP":true,"handleSIGINT":true,"handleSIGTERM":true,"slowMo":0,"timeout":30000,"deprecated_pos_args":[],"tracesDir":"C:\\Users\\mstza\\surfdrive\\RobotFrameworkDemos\\browser\\traces\\2f6e3203-5918-42fc-8609-3184fca5fa5e"}</msg>
<status status="PASS" starttime="20230510 22:26:29.527" endtime="20230510 22:26:31.317"/>
</kw>
<kw name="New Context" library="Browser">
<arg>viewport={'width': 1920, 'height': 1080}</arg>
<tag>BrowserControl</tag>
<tag>Setter</tag>
<doc>Create a new BrowserContext with specified options.</doc>
<msg timestamp="20230510 22:26:31.319" level="INFO">{
  "acceptDownloads": true,
  "bypassCSP": false,
  "forcedColors": "none",
  "hideRfBrowser": false,
  "ignoreHTTPSErrors": false,
  "javaScriptEnabled": true,
  "offline": false,
  "reducedMotion": "no-preference",
  "viewport": {
    "height": 1080,
    "width": 1920
  },
  "deprecated_pos_args": []
}</msg>
<msg timestamp="20230510 22:26:31.443" level="INFO">Successfully created context. </msg>
<msg timestamp="20230510 22:26:31.443" level="INFO">{'acceptDownloads': True, 'bypassCSP': False, 'forcedColors': 'none', 'hideRfBrowser': False, 'ignoreHTTPSErrors': False, 'javaScriptEnabled': True, 'offline': False, 'reducedMotion': 'no-preference', 'viewport': {'height': 1080, 'width': 1920}, 'deprecated_pos_args': []}</msg>
<status status="PASS" starttime="20230510 22:26:31.319" endtime="20230510 22:26:31.443"/>
</kw>
<kw name="Set Browser Timeout" library="Browser">
<arg>0:00:15</arg>
<tag>Config</tag>
<tag>Setter</tag>
<doc>Sets the timeout used by most input and getter keywords.</doc>
<msg timestamp="20230510 22:26:31.452" level="INFO">Set timeout to: 15000</msg>
<status status="PASS" starttime="20230510 22:26:31.443" endtime="20230510 22:26:31.452"/>
</kw>
<kw name="New Page" library="Browser">
<arg>https://www.abnamro.nl/nl/prive/hypotheken/maximale-hypotheek-berekenen.html</arg>
<tag>BrowserControl</tag>
<tag>Setter</tag>
<doc>Open a new Page.</doc>
<msg timestamp="20230510 22:26:44.723" level="INFO">Successfully initialized new page object and opened url: https://www.abnamro.nl/nl/prive/hypotheken/maximale-hypotheek-berekenen.html</msg>
<status status="PASS" starttime="20230510 22:26:31.452" endtime="20230510 22:26:44.724"/>
</kw>
<kw name="Log" library="BuiltIn">
<arg>Page opened.</arg>
<doc>Logs the given message with the given level.</doc>
<msg timestamp="20230510 22:26:44.728" level="INFO">Page opened.</msg>
<status status="PASS" starttime="20230510 22:26:44.727" endtime="20230510 22:26:44.729"/>
</kw>
<kw name="Get Title" library="Browser">
<var>${title}</var>
<tag>Assertion</tag>
<tag>Getter</tag>
<tag>PageContent</tag>
<doc>Returns the title of the current page.</doc>
<msg timestamp="20230510 22:26:44.835" level="INFO">Title: 'Hypotheek berekenen in 2023 - ABN AMRO'</msg>
<msg timestamp="20230510 22:26:44.836" level="INFO">${title} = Hypotheek berekenen in 2023 - ABN AMRO</msg>
<status status="PASS" starttime="20230510 22:26:44.731" endtime="20230510 22:26:44.836"/>
</kw>
<kw name="Should Be Equal" library="BuiltIn">
<arg>${title}</arg>
<arg>Hypotheek berekenen in 2023 - ABN AMRO</arg>
<doc>Fails if the given objects are unequal.</doc>
<status status="PASS" starttime="20230510 22:26:44.838" endtime="20230510 22:26:44.839"/>
</kw>
<kw name="Wait For Elements State" library="Browser">
<arg>//a[@id="aab-cookie-consent-agree"]</arg>
<arg>visible</arg>
<arg>timeout=2 s</arg>
<tag>PageContent</tag>
<tag>Wait</tag>
<doc>Waits for the element found by ``selector`` to satisfy state option.</doc>
<msg timestamp="20230510 22:26:44.912" level="INFO">Waited for Element with selector //a[@id="aab-cookie-consent-agree"] at state visible</msg>
<status status="PASS" starttime="20230510 22:26:44.841" endtime="20230510 22:26:44.913"/>
</kw>
<kw name="Click" library="Browser">
<arg>//a[@id="aab-cookie-consent-agree"]</arg>
<tag>PageContent</tag>
<tag>Setter</tag>
<doc>Simulates mouse click on the element found by ``selector``.</doc>
<status status="PASS" starttime="20230510 22:26:44.917" endtime="20230510 22:26:45.363"/>
</kw>
<kw name="Open Iframe">
<arg>selector=//iframe[@id="29789"]</arg>
<doc>Get Iframe URL from src and open on new page.</doc>
<kw name="Get Attribute" library="Browser">
<var>${iframe}</var>
<arg>${selector}</arg>
<arg>src</arg>
<tag>Assertion</tag>
<tag>Getter</tag>
<tag>PageContent</tag>
<doc>Returns the HTML ``attribute`` of the element found by ``selector``.</doc>
<msg timestamp="20230510 22:26:45.529" level="INFO">Attribute is: 'https://hypotheken.abnamro.nl/hypotheekorientatie/app/#/berekening-toevoegen'</msg>
<msg timestamp="20230510 22:26:45.530" level="INFO">${iframe} = https://hypotheken.abnamro.nl/hypotheekorientatie/app/#/berekening-toevoegen</msg>
<status status="PASS" starttime="20230510 22:26:45.371" endtime="20230510 22:26:45.530"/>
</kw>
<kw name="Log" library="BuiltIn">
<arg>${iframe}</arg>
<doc>Logs the given message with the given level.</doc>
<msg timestamp="20230510 22:26:45.532" level="INFO">https://hypotheken.abnamro.nl/hypotheekorientatie/app/#/berekening-toevoegen</msg>
<status status="PASS" starttime="20230510 22:26:45.531" endtime="20230510 22:26:45.533"/>
</kw>
<kw name="New Page" library="Browser">
<arg>${iframe}</arg>
<tag>BrowserControl</tag>
<tag>Setter</tag>
<doc>Open a new Page.</doc>
<msg timestamp="20230510 22:26:49.043" level="INFO">Successfully initialized new page object and opened url: https://hypotheken.abnamro.nl/hypotheekorientatie/app/#/berekening-toevoegen</msg>
<status status="PASS" starttime="20230510 22:26:45.533" endtime="20230510 22:26:49.044"/>
</kw>
<status status="PASS" starttime="20230510 22:26:45.369" endtime="20230510 22:26:49.044"/>
</kw>
<kw name="Click" library="Browser">
<arg>//button[@data-element-label="Ik heb nog geen hypotheek bij ABN AMRO"]</arg>
<tag>PageContent</tag>
<tag>Setter</tag>
<doc>Simulates mouse click on the element found by ``selector``.</doc>
<status status="PASS" starttime="20230510 22:26:49.047" endtime="20230510 22:26:53.384"/>
</kw>
<kw name="Click" library="Browser">
<arg>//img[@alt="Alleen"]</arg>
<tag>PageContent</tag>
<tag>Setter</tag>
<doc>Simulates mouse click on the element found by ``selector``.</doc>
<status status="PASS" starttime="20230510 22:26:53.386" endtime="20230510 22:26:55.256"/>
</kw>
<kw name="Get Url" library="Browser">
<var>${url_page_3}</var>
<tag>Assertion</tag>
<tag>Getter</tag>
<tag>PageContent</tag>
<doc>Returns the current URL.</doc>
<msg timestamp="20230510 22:26:55.262" level="INFO">${url_page_3} = https://hypotheken.abnamro.nl/hypotheekorientatie/app/#/berekening-toevoegen-flow?amountOfApplicants=alone</msg>
<status status="PASS" starttime="20230510 22:26:55.256" endtime="20230510 22:26:55.262"/>
</kw>
<kw name="Set Suite Variable" library="BuiltIn">
<arg>$url_page_3</arg>
<doc>Makes a variable available everywhere within the scope of the current suite.</doc>
<msg timestamp="20230510 22:26:55.262" level="INFO">${url_page_3} = https://hypotheken.abnamro.nl/hypotheekorientatie/app/#/berekening-toevoegen-flow?amountOfApplicants=alone</msg>
<status status="PASS" starttime="20230510 22:26:55.262" endtime="20230510 22:26:55.262"/>
</kw>
<kw name="Type Text" library="Browser">
<arg>//input[@id="age"]</arg>
<arg>txt="30"</arg>
<arg>delay=200 ms</arg>
<tag>PageContent</tag>
<tag>Setter</tag>
<doc>Types the given ``txt`` into the text field found by ``selector``.</doc>
<msg timestamp="20230510 22:26:55.265" level="INFO">Types the text '"30"' in the given field.</msg>
<status status="PASS" starttime="20230510 22:26:55.265" endtime="20230510 22:26:56.242"/>
</kw>
<kw name="Click" library="Browser">
<arg>//button[@class="base-btn__inner-button"]</arg>
<tag>PageContent</tag>
<tag>Setter</tag>
<doc>Simulates mouse click on the element found by ``selector``.</doc>
<status status="PASS" starttime="20230510 22:26:56.245" endtime="20230510 22:26:56.745"/>
</kw>
<kw name="Get Url" library="Browser">
<var>${url_page_5}</var>
<tag>Assertion</tag>
<tag>Getter</tag>
<tag>PageContent</tag>
<doc>Returns the current URL.</doc>
<msg timestamp="20230510 22:26:56.758" level="INFO">${url_page_5} = https://hypotheken.abnamro.nl/hypotheekorientatie/app/#/berekening-toevoegen-flow?amountOfApplicants=alone&amp;age=30</msg>
<status status="PASS" starttime="20230510 22:26:56.747" endtime="20230510 22:26:56.758"/>
</kw>
<kw name="Set Suite Variable" library="BuiltIn">
<arg>$url_page_5</arg>
<doc>Makes a variable available everywhere within the scope of the current suite.</doc>
<msg timestamp="20230510 22:26:56.762" level="INFO">${url_page_5} = https://hypotheken.abnamro.nl/hypotheekorientatie/app/#/berekening-toevoegen-flow?amountOfApplicants=alone&amp;age=30</msg>
<status status="PASS" starttime="20230510 22:26:56.759" endtime="20230510 22:26:56.765"/>
</kw>
<kw name="Click" library="Browser">
<arg>//button[@class="base-btn__inner-button"]</arg>
<tag>PageContent</tag>
<tag>Setter</tag>
<doc>Simulates mouse click on the element found by ``selector``.</doc>
<status status="PASS" starttime="20230510 22:26:56.765" endtime="20230510 22:26:57.116"/>
</kw>
<kw name="Type Text" library="Browser">
<arg>css=input#inputId</arg>
<arg>txt="55555"</arg>
<arg>delay=200 ms</arg>
<tag>PageContent</tag>
<tag>Setter</tag>
<doc>Types the given ``txt`` into the text field found by ``selector``.</doc>
<msg timestamp="20230510 22:26:57.122" level="INFO">Types the text '"55555"' in the given field.</msg>
<status status="PASS" starttime="20230510 22:26:57.119" endtime="20230510 22:27:00.057"/>
</kw>
<kw name="Click" library="Browser">
<arg>//button[@class="base-btn__inner-button"]</arg>
<tag>PageContent</tag>
<tag>Setter</tag>
<doc>Simulates mouse click on the element found by ``selector``.</doc>
<status status="PASS" starttime="20230510 22:27:00.058" endtime="20230510 22:27:00.855"/>
</kw>
<kw name="Repeat Keyword" library="BuiltIn">
<arg>3</arg>
<arg>Click</arg>
<arg>//span[text()="Nee"]/parent::div</arg>
<doc>Executes the specified keyword multiple times.</doc>
<msg timestamp="20230510 22:27:00.857" level="INFO">Repeating keyword, round 1/3.</msg>
<kw name="Click" library="Browser">
<arg>//span[text()="Nee"]/parent::div</arg>
<tag>PageContent</tag>
<tag>Setter</tag>
<doc>Simulates mouse click on the element found by ``selector``.</doc>
<status status="PASS" starttime="20230510 22:27:00.858" endtime="20230510 22:27:00.980"/>
</kw>
<msg timestamp="20230510 22:27:00.981" level="INFO">Repeating keyword, round 2/3.</msg>
<kw name="Click" library="Browser">
<arg>//span[text()="Nee"]/parent::div</arg>
<tag>PageContent</tag>
<tag>Setter</tag>
<doc>Simulates mouse click on the element found by ``selector``.</doc>
<status status="PASS" starttime="20230510 22:27:00.981" endtime="20230510 22:27:01.150"/>
</kw>
<msg timestamp="20230510 22:27:01.151" level="INFO">Repeating keyword, round 3/3.</msg>
<kw name="Click" library="Browser">
<arg>//span[text()="Nee"]/parent::div</arg>
<tag>PageContent</tag>
<tag>Setter</tag>
<doc>Simulates mouse click on the element found by ``selector``.</doc>
<status status="PASS" starttime="20230510 22:27:01.152" endtime="20230510 22:27:01.372"/>
</kw>
<status status="PASS" starttime="20230510 22:27:00.856" endtime="20230510 22:27:01.372"/>
</kw>
<kw name="Get Text" library="Browser">
<var>${mortgage_estimate}</var>
<arg>//span[@class="calculation-total__amount"]</arg>
<tag>Assertion</tag>
<tag>Getter</tag>
<tag>PageContent</tag>
<doc>Returns text attribute of the element found by ``selector``.</doc>
<msg timestamp="20230510 22:27:04.951" level="INFO">Text: '233.601'</msg>
<msg timestamp="20230510 22:27:04.952" level="INFO">${mortgage_estimate} = 233.601</msg>
<status status="PASS" starttime="20230510 22:27:01.372" endtime="20230510 22:27:04.952"/>
</kw>
<kw name="Log" library="BuiltIn">
<arg>${mortgage_estimate}</arg>
<doc>Logs the given message with the given level.</doc>
<msg timestamp="20230510 22:27:04.954" level="INFO">233.601</msg>
<status status="PASS" starttime="20230510 22:27:04.953" endtime="20230510 22:27:04.954"/>
</kw>
<kw name="Remove String" library="String">
<var>${mortgage_estimate}</var>
<arg>${mortgage_estimate}</arg>
<arg>.</arg>
<doc>Removes all ``removables`` from the given ``string``.</doc>
<msg timestamp="20230510 22:27:04.956" level="INFO">${mortgage_estimate} = 233601</msg>
<status status="PASS" starttime="20230510 22:27:04.956" endtime="20230510 22:27:04.957"/>
</kw>
<kw name="Convert To Number" library="BuiltIn">
<var>${mortgage_estimate_num}</var>
<arg>${mortgage_estimate}</arg>
<doc>Converts the given item to a floating point number.</doc>
<msg timestamp="20230510 22:27:04.959" level="INFO">${mortgage_estimate_num} = 233601.0</msg>
<status status="PASS" starttime="20230510 22:27:04.958" endtime="20230510 22:27:04.959"/>
</kw>
<kw name="Run Keyword If" library="BuiltIn">
<arg>${mortgage_estimate_num} &gt;= 0</arg>
<arg>Log</arg>
<arg>Mortgage estimate is numeric.</arg>
<arg>ELSE</arg>
<arg>Fail</arg>
<arg>Mortgage estimate is not numeric.</arg>
<doc>Runs the given keyword with the given arguments, if ``condition`` is true.</doc>
<kw name="Log" library="BuiltIn">
<arg>Mortgage estimate is numeric.</arg>
<doc>Logs the given message with the given level.</doc>
<msg timestamp="20230510 22:27:04.963" level="INFO">Mortgage estimate is numeric.</msg>
<status status="PASS" starttime="20230510 22:27:04.962" endtime="20230510 22:27:04.964"/>
</kw>
<status status="PASS" starttime="20230510 22:27:04.961" endtime="20230510 22:27:04.964"/>
</kw>
<kw name="Set Suite Variable" library="BuiltIn">
<arg>$mortgage_estimate_num_fixed</arg>
<arg>${mortgage_estimate_num}</arg>
<doc>Makes a variable available everywhere within the scope of the current suite.</doc>
<msg timestamp="20230510 22:27:04.966" level="INFO">${mortgage_estimate_num_fixed} = 233601.0</msg>
<status status="PASS" starttime="20230510 22:27:04.965" endtime="20230510 22:27:04.967"/>
</kw>
<kw name="Sleep" library="BuiltIn">
<arg>1 s</arg>
<doc>Pauses the test executed for the given time.</doc>
<msg timestamp="20230510 22:27:05.969" level="INFO">Slept 1 second</msg>
<status status="PASS" starttime="20230510 22:27:04.968" endtime="20230510 22:27:05.969"/>
</kw>
<status status="PASS" starttime="20230510 22:26:29.519" endtime="20230510 22:27:05.969"/>
</test>
<test id="s1-t2" name="ABN Test Valid Age Input" line="107">
<kw name="New Page" library="Browser">
<arg>${url_page_3}</arg>
<tag>BrowserControl</tag>
<tag>Setter</tag>
<doc>Open a new Page.</doc>
<msg timestamp="20230510 22:27:13.080" level="INFO">Successfully initialized new page object and opened url: https://hypotheken.abnamro.nl/hypotheekorientatie/app/#/berekening-toevoegen-flow?amountOfApplicants=alone</msg>
<status status="PASS" starttime="20230510 22:27:05.977" endtime="20230510 22:27:13.080"/>
</kw>
<kw name="Type Text" library="Browser">
<arg>//input[@id="age"]</arg>
<arg>txt="1000"</arg>
<arg>delay=200 ms</arg>
<tag>PageContent</tag>
<tag>Setter</tag>
<doc>Types the given ``txt`` into the text field found by ``selector``.</doc>
<msg timestamp="20230510 22:27:13.084" level="INFO">Types the text '"1000"' in the given field.</msg>
<status status="PASS" starttime="20230510 22:27:13.080" endtime="20230510 22:27:14.801"/>
</kw>
<kw name="Run Keyword And Expect Error" library="BuiltIn">
<arg>TimeoutError: locator.click:*</arg>
<arg>Click</arg>
<arg>//button[@class="base-btn__inner-button"]</arg>
<doc>Runs the keyword and checks that the expected error occurred.</doc>
<kw name="Click" library="Browser">
<arg>//button[@class="base-btn__inner-button"]</arg>
<tag>PageContent</tag>
<tag>Setter</tag>
<doc>Simulates mouse click on the element found by ``selector``.</doc>
<msg timestamp="20230510 22:27:29.923" level="INFO" html="true">&lt;/td&gt;&lt;/tr&gt;&lt;tr&gt;&lt;td colspan="3"&gt;&lt;a href="browser/screenshot/failure-1.png" target="_blank"&gt;&lt;img src="browser/screenshot/failure-1.png" width="800px"/&gt;&lt;/a&gt;</msg>
<msg timestamp="20230510 22:27:29.923" level="FAIL">TimeoutError: locator.click: Timeout 15000ms exceeded.
=========================== logs ===========================
waiting for locator('xpath=//button[@class="base-btn__inner-button"]')
  locator resolved to &lt;button disabled type="button" data-v-655a9b73="" class=…&gt;…&lt;/button&gt;
attempting click action
  waiting for element to be visible, enabled and stable
    element is not enabled - waiting...
============================================================
Tip: Use "Set Browser Timeout" for increasing the timeout or double check your locator as the targeted element(s) couldn't be found.</msg>
<status status="FAIL" starttime="20230510 22:27:14.803" endtime="20230510 22:27:29.931"/>
</kw>
<status status="PASS" starttime="20230510 22:27:14.802" endtime="20230510 22:27:29.931"/>
</kw>
<status status="PASS" starttime="20230510 22:27:05.977" endtime="20230510 22:27:29.931"/>
</test>
<test id="s1-t3" name="ABN Test Ordinal Mortgage Calculation: Fixed &gt;= Flexible Contract" line="121">
<kw name="New Page" library="Browser">
<arg>${url_page_5}</arg>
<tag>BrowserControl</tag>
<tag>Setter</tag>
<doc>Open a new Page.</doc>
<msg timestamp="20230510 22:27:32.482" level="INFO">Successfully initialized new page object and opened url: https://hypotheken.abnamro.nl/hypotheekorientatie/app/#/berekening-toevoegen-flow?amountOfApplicants=alone&amp;age=30</msg>
<status status="PASS" starttime="20230510 22:27:29.939" endtime="20230510 22:27:32.482"/>
</kw>
<kw name="Click" library="Browser">
<arg>//aab-select[@class="dropdown-input__dropdown"]</arg>
<tag>PageContent</tag>
<tag>Setter</tag>
<doc>Simulates mouse click on the element found by ``selector``.</doc>
<status status="PASS" starttime="20230510 22:27:32.486" endtime="20230510 22:27:32.867"/>
</kw>
<kw name="Click" library="Browser">
<arg>text=Flexibel</arg>
<tag>PageContent</tag>
<tag>Setter</tag>
<doc>Simulates mouse click on the element found by ``selector``.</doc>
<status status="PASS" starttime="20230510 22:27:32.871" endtime="20230510 22:27:33.264"/>
</kw>
<kw name="Click" library="Browser">
<arg>//button[@class="base-btn__inner-button"]</arg>
<tag>PageContent</tag>
<tag>Setter</tag>
<doc>Simulates mouse click on the element found by ``selector``.</doc>
<status status="PASS" starttime="20230510 22:27:33.264" endtime="20230510 22:27:33.904"/>
</kw>
<kw name="Repeat Keyword" library="BuiltIn">
<arg>2</arg>
<arg>Click</arg>
<arg>//span[text()="Nee"]/parent::div</arg>
<doc>Executes the specified keyword multiple times.</doc>
<msg timestamp="20230510 22:27:33.908" level="INFO">Repeating keyword, round 1/2.</msg>
<kw name="Click" library="Browser">
<arg>//span[text()="Nee"]/parent::div</arg>
<tag>PageContent</tag>
<tag>Setter</tag>
<doc>Simulates mouse click on the element found by ``selector``.</doc>
<status status="PASS" starttime="20230510 22:27:33.908" endtime="20230510 22:27:34.151"/>
</kw>
<msg timestamp="20230510 22:27:34.151" level="INFO">Repeating keyword, round 2/2.</msg>
<kw name="Click" library="Browser">
<arg>//span[text()="Nee"]/parent::div</arg>
<tag>PageContent</tag>
<tag>Setter</tag>
<doc>Simulates mouse click on the element found by ``selector``.</doc>
<status status="PASS" starttime="20230510 22:27:34.151" endtime="20230510 22:27:34.568"/>
</kw>
<status status="PASS" starttime="20230510 22:27:33.908" endtime="20230510 22:27:34.568"/>
</kw>
<kw name="Type Text" library="Browser">
<arg>css=input#inputId</arg>
<arg>txt="55555"</arg>
<arg>delay=200 ms</arg>
<tag>PageContent</tag>
<tag>Setter</tag>
<doc>Types the given ``txt`` into the text field found by ``selector``.</doc>
<msg timestamp="20230510 22:27:34.575" level="INFO">Types the text '"55555"' in the given field.</msg>
<status status="PASS" starttime="20230510 22:27:34.571" endtime="20230510 22:27:36.302"/>
</kw>
<kw name="Click" library="Browser">
<arg>//button[@class="base-btn__inner-button"]</arg>
<tag>PageContent</tag>
<tag>Setter</tag>
<doc>Simulates mouse click on the element found by ``selector``.</doc>
<status status="PASS" starttime="20230510 22:27:36.304" endtime="20230510 22:27:37.081"/>
</kw>
<kw name="Repeat Keyword" library="BuiltIn">
<arg>3</arg>
<arg>Click</arg>
<arg>//span[text()="Nee"]/parent::div</arg>
<doc>Executes the specified keyword multiple times.</doc>
<msg timestamp="20230510 22:27:37.081" level="INFO">Repeating keyword, round 1/3.</msg>
<kw name="Click" library="Browser">
<arg>//span[text()="Nee"]/parent::div</arg>
<tag>PageContent</tag>
<tag>Setter</tag>
<doc>Simulates mouse click on the element found by ``selector``.</doc>
<status status="PASS" starttime="20230510 22:27:37.085" endtime="20230510 22:27:37.213"/>
</kw>
<msg timestamp="20230510 22:27:37.217" level="INFO">Repeating keyword, round 2/3.</msg>
<kw name="Click" library="Browser">
<arg>//span[text()="Nee"]/parent::div</arg>
<tag>PageContent</tag>
<tag>Setter</tag>
<doc>Simulates mouse click on the element found by ``selector``.</doc>
<status status="PASS" starttime="20230510 22:27:37.217" endtime="20230510 22:27:37.342"/>
</kw>
<msg timestamp="20230510 22:27:37.342" level="INFO">Repeating keyword, round 3/3.</msg>
<kw name="Click" library="Browser">
<arg>//span[text()="Nee"]/parent::div</arg>
<tag>PageContent</tag>
<tag>Setter</tag>
<doc>Simulates mouse click on the element found by ``selector``.</doc>
<status status="PASS" starttime="20230510 22:27:37.342" endtime="20230510 22:27:37.507"/>
</kw>
<status status="PASS" starttime="20230510 22:27:37.081" endtime="20230510 22:27:37.510"/>
</kw>
<kw name="Get Text" library="Browser">
<var>${mortgage_estimate}</var>
<arg>//span[@class="calculation-total__amount"]</arg>
<tag>Assertion</tag>
<tag>Getter</tag>
<tag>PageContent</tag>
<doc>Returns text attribute of the element found by ``selector``.</doc>
<msg timestamp="20230510 22:27:38.627" level="INFO">Text: '0'</msg>
<msg timestamp="20230510 22:27:38.627" level="INFO">${mortgage_estimate} = 0</msg>
<status status="PASS" starttime="20230510 22:27:37.510" endtime="20230510 22:27:38.627"/>
</kw>
<kw name="Log" library="BuiltIn">
<arg>${mortgage_estimate}</arg>
<doc>Logs the given message with the given level.</doc>
<msg timestamp="20230510 22:27:38.630" level="INFO">0</msg>
<status status="PASS" starttime="20230510 22:27:38.627" endtime="20230510 22:27:38.630"/>
</kw>
<kw name="Remove String" library="String">
<var>${mortgage_estimate}</var>
<arg>${mortgage_estimate}</arg>
<arg>.</arg>
<doc>Removes all ``removables`` from the given ``string``.</doc>
<msg timestamp="20230510 22:27:38.633" level="INFO">${mortgage_estimate} = 0</msg>
<status status="PASS" starttime="20230510 22:27:38.630" endtime="20230510 22:27:38.633"/>
</kw>
<kw name="Convert To Number" library="BuiltIn">
<var>${mortgage_estimate_num}</var>
<arg>${mortgage_estimate}</arg>
<doc>Converts the given item to a floating point number.</doc>
<msg timestamp="20230510 22:27:38.633" level="INFO">${mortgage_estimate_num} = 0.0</msg>
<status status="PASS" starttime="20230510 22:27:38.633" endtime="20230510 22:27:38.636"/>
</kw>
<kw name="Run Keyword If" library="BuiltIn">
<arg>${mortgage_estimate_num} &gt;= 0</arg>
<arg>Log</arg>
<arg>Mortgage estimate is numeric.</arg>
<arg>ELSE</arg>
<arg>Fail</arg>
<arg>Mortgage estimate is not numeric.</arg>
<doc>Runs the given keyword with the given arguments, if ``condition`` is true.</doc>
<kw name="Log" library="BuiltIn">
<arg>Mortgage estimate is numeric.</arg>
<doc>Logs the given message with the given level.</doc>
<msg timestamp="20230510 22:27:38.636" level="INFO">Mortgage estimate is numeric.</msg>
<status status="PASS" starttime="20230510 22:27:38.636" endtime="20230510 22:27:38.636"/>
</kw>
<status status="PASS" starttime="20230510 22:27:38.636" endtime="20230510 22:27:38.639"/>
</kw>
<kw name="Set Suite Variable" library="BuiltIn">
<arg>$mortgage_estimate_num_flex</arg>
<arg>${mortgage_estimate_num}</arg>
<doc>Makes a variable available everywhere within the scope of the current suite.</doc>
<msg timestamp="20230510 22:27:38.639" level="INFO">${mortgage_estimate_num_flex} = 0.0</msg>
<status status="PASS" starttime="20230510 22:27:38.639" endtime="20230510 22:27:38.639"/>
</kw>
<kw name="Log" library="BuiltIn">
<arg>${mortgage_estimate_num_fixed}</arg>
<doc>Logs the given message with the given level.</doc>
<msg timestamp="20230510 22:27:38.642" level="INFO">233601.0</msg>
<status status="PASS" starttime="20230510 22:27:38.642" endtime="20230510 22:27:38.642"/>
</kw>
<kw name="Run Keyword If" library="BuiltIn">
<arg>$mortgage_estimate_num_fixed &gt;= $mortgage_estimate_num_flex</arg>
<arg>Log</arg>
<arg>Test PASSED - greater/equal mortgage estimate for "Fixed" compared to "Flex" contract.</arg>
<arg>ELSE</arg>
<arg>Fail</arg>
<arg>Test FAILED - lower mortgage estimate for "Fixed" compared to "Flex" contract.</arg>
<doc>Runs the given keyword with the given arguments, if ``condition`` is true.</doc>
<kw name="Log" library="BuiltIn">
<arg>Test PASSED - greater/equal mortgage estimate for "Fixed" compared to "Flex" contract.</arg>
<doc>Logs the given message with the given level.</doc>
<msg timestamp="20230510 22:27:38.651" level="INFO">Test PASSED - greater/equal mortgage estimate for "Fixed" compared to "Flex" contract.</msg>
<status status="PASS" starttime="20230510 22:27:38.651" endtime="20230510 22:27:38.651"/>
</kw>
<status status="PASS" starttime="20230510 22:27:38.645" endtime="20230510 22:27:38.651"/>
</kw>
<kw name="Sleep" library="BuiltIn">
<arg>1 s</arg>
<doc>Pauses the test executed for the given time.</doc>
<msg timestamp="20230510 22:27:39.657" level="INFO">Slept 1 second</msg>
<status status="PASS" starttime="20230510 22:27:38.651" endtime="20230510 22:27:39.657"/>
</kw>
<status status="PASS" starttime="20230510 22:27:29.939" endtime="20230510 22:27:39.657"/>
</test>
<test id="s1-t4" name="ABN Test Ordinal Mortgage Calculation: Fixed &gt;= Self-Employment &gt;= Flex Contract" line="173">
<kw name="New Page" library="Browser">
<arg>${url_page_5}</arg>
<tag>BrowserControl</tag>
<tag>Setter</tag>
<doc>Open a new Page.</doc>
<msg timestamp="20230510 22:27:40.861" level="INFO">Successfully initialized new page object and opened url: https://hypotheken.abnamro.nl/hypotheekorientatie/app/#/berekening-toevoegen-flow?amountOfApplicants=alone&amp;age=30</msg>
<status status="PASS" starttime="20230510 22:27:39.666" endtime="20230510 22:27:40.861"/>
</kw>
<kw name="Click" library="Browser">
<arg>//aab-select[@class="dropdown-input__dropdown"]</arg>
<tag>PageContent</tag>
<tag>Setter</tag>
<doc>Simulates mouse click on the element found by ``selector``.</doc>
<status status="PASS" starttime="20230510 22:27:40.863" endtime="20230510 22:27:41.062"/>
</kw>
<kw name="Click" library="Browser">
<arg>text=Zelfstandig</arg>
<tag>PageContent</tag>
<tag>Setter</tag>
<doc>Simulates mouse click on the element found by ``selector``.</doc>
<status status="PASS" starttime="20230510 22:27:41.062" endtime="20230510 22:27:41.229"/>
</kw>
<kw name="Click" library="Browser">
<arg>//button[@class="base-btn__inner-button"]</arg>
<tag>PageContent</tag>
<tag>Setter</tag>
<doc>Simulates mouse click on the element found by ``selector``.</doc>
<status status="PASS" starttime="20230510 22:27:41.232" endtime="20230510 22:27:41.442"/>
</kw>
<kw name="Click" library="Browser">
<arg>//aab-select[@class="dropdown-input__dropdown"]</arg>
<tag>PageContent</tag>
<tag>Setter</tag>
<doc>Simulates mouse click on the element found by ``selector``.</doc>
<status status="PASS" starttime="20230510 22:27:41.445" endtime="20230510 22:27:41.681"/>
</kw>
<kw name="Click" library="Browser">
<arg>text=Tussen 1 en 2 jaar</arg>
<tag>PageContent</tag>
<tag>Setter</tag>
<doc>Simulates mouse click on the element found by ``selector``.</doc>
<status status="PASS" starttime="20230510 22:27:41.684" endtime="20230510 22:27:42.008"/>
</kw>
<kw name="Click" library="Browser">
<arg>//button[@class="base-btn__inner-button"]</arg>
<tag>PageContent</tag>
<tag>Setter</tag>
<doc>Simulates mouse click on the element found by ``selector``.</doc>
<status status="PASS" starttime="20230510 22:27:42.008" endtime="20230510 22:27:42.203"/>
</kw>
<kw name="Repeat Keyword" library="BuiltIn">
<arg>2</arg>
<arg>Run Keywords</arg>
<arg>Type Text</arg>
<arg>css=input#inputId</arg>
<arg>txt="55555"</arg>
<arg>delay=200 ms</arg>
<arg>AND</arg>
<arg>Click</arg>
<arg>//button[@class="base-btn__inner-button"]</arg>
<doc>Executes the specified keyword multiple times.</doc>
<msg timestamp="20230510 22:27:42.207" level="INFO">Repeating keyword, round 1/2.</msg>
<kw name="Run Keywords" library="BuiltIn">
<arg>Type Text</arg>
<arg>css=input#inputId</arg>
<arg>txt="55555"</arg>
<arg>delay=200 ms</arg>
<arg>AND</arg>
<arg>Click</arg>
<arg>//button[@class="base-btn__inner-button"]</arg>
<doc>Executes all the given keywords in a sequence.</doc>
<kw name="Type Text" library="Browser">
<arg>css=input#inputId</arg>
<arg>txt="55555"</arg>
<arg>delay=200 ms</arg>
<tag>PageContent</tag>
<tag>Setter</tag>
<doc>Types the given ``txt`` into the text field found by ``selector``.</doc>
<msg timestamp="20230510 22:27:42.207" level="INFO">Types the text '"55555"' in the given field.</msg>
<status status="PASS" starttime="20230510 22:27:42.207" endtime="20230510 22:27:43.809"/>
</kw>
<kw name="Click" library="Browser">
<arg>//button[@class="base-btn__inner-button"]</arg>
<tag>PageContent</tag>
<tag>Setter</tag>
<doc>Simulates mouse click on the element found by ``selector``.</doc>
<status status="PASS" starttime="20230510 22:27:43.809" endtime="20230510 22:27:44.566"/>
</kw>
<status status="PASS" starttime="20230510 22:27:42.207" endtime="20230510 22:27:44.566"/>
</kw>
<msg timestamp="20230510 22:27:44.566" level="INFO">Repeating keyword, round 2/2.</msg>
<kw name="Run Keywords" library="BuiltIn">
<arg>Type Text</arg>
<arg>css=input#inputId</arg>
<arg>txt="55555"</arg>
<arg>delay=200 ms</arg>
<arg>AND</arg>
<arg>Click</arg>
<arg>//button[@class="base-btn__inner-button"]</arg>
<doc>Executes all the given keywords in a sequence.</doc>
<kw name="Type Text" library="Browser">
<arg>css=input#inputId</arg>
<arg>txt="55555"</arg>
<arg>delay=200 ms</arg>
<tag>PageContent</tag>
<tag>Setter</tag>
<doc>Types the given ``txt`` into the text field found by ``selector``.</doc>
<msg timestamp="20230510 22:27:44.570" level="INFO">Types the text '"55555"' in the given field.</msg>
<status status="PASS" starttime="20230510 22:27:44.570" endtime="20230510 22:27:46.159"/>
</kw>
<kw name="Click" library="Browser">
<arg>//button[@class="base-btn__inner-button"]</arg>
<tag>PageContent</tag>
<tag>Setter</tag>
<doc>Simulates mouse click on the element found by ``selector``.</doc>
<status status="PASS" starttime="20230510 22:27:46.159" endtime="20230510 22:27:46.944"/>
</kw>
<status status="PASS" starttime="20230510 22:27:44.566" endtime="20230510 22:27:46.944"/>
</kw>
<status status="PASS" starttime="20230510 22:27:42.203" endtime="20230510 22:27:46.944"/>
</kw>
<kw name="Repeat Keyword" library="BuiltIn">
<arg>4</arg>
<arg>Click</arg>
<arg>//span[text()="Nee"]/parent::div</arg>
<doc>Executes the specified keyword multiple times.</doc>
<msg timestamp="20230510 22:27:46.944" level="INFO">Repeating keyword, round 1/4.</msg>
<kw name="Click" library="Browser">
<arg>//span[text()="Nee"]/parent::div</arg>
<tag>PageContent</tag>
<tag>Setter</tag>
<doc>Simulates mouse click on the element found by ``selector``.</doc>
<status status="PASS" starttime="20230510 22:27:46.944" endtime="20230510 22:27:47.098"/>
</kw>
<msg timestamp="20230510 22:27:47.100" level="INFO">Repeating keyword, round 2/4.</msg>
<kw name="Click" library="Browser">
<arg>//span[text()="Nee"]/parent::div</arg>
<tag>PageContent</tag>
<tag>Setter</tag>
<doc>Simulates mouse click on the element found by ``selector``.</doc>
<status status="PASS" starttime="20230510 22:27:47.100" endtime="20230510 22:27:47.208"/>
</kw>
<msg timestamp="20230510 22:27:47.208" level="INFO">Repeating keyword, round 3/4.</msg>
<kw name="Click" library="Browser">
<arg>//span[text()="Nee"]/parent::div</arg>
<tag>PageContent</tag>
<tag>Setter</tag>
<doc>Simulates mouse click on the element found by ``selector``.</doc>
<status status="PASS" starttime="20230510 22:27:47.208" endtime="20230510 22:27:47.368"/>
</kw>
<msg timestamp="20230510 22:27:47.368" level="INFO">Repeating keyword, round 4/4.</msg>
<kw name="Click" library="Browser">
<arg>//span[text()="Nee"]/parent::div</arg>
<tag>PageContent</tag>
<tag>Setter</tag>
<doc>Simulates mouse click on the element found by ``selector``.</doc>
<status status="PASS" starttime="20230510 22:27:47.368" endtime="20230510 22:27:47.541"/>
</kw>
<status status="PASS" starttime="20230510 22:27:46.944" endtime="20230510 22:27:47.542"/>
</kw>
<kw name="Get Text" library="Browser">
<var>${mortgage_estimate}</var>
<arg>//span[@class="calculation-total__amount"]</arg>
<tag>Assertion</tag>
<tag>Getter</tag>
<tag>PageContent</tag>
<doc>Returns text attribute of the element found by ``selector``.</doc>
<msg timestamp="20230510 22:27:48.213" level="INFO">Text: '170.718'</msg>
<msg timestamp="20230510 22:27:48.213" level="INFO">${mortgage_estimate} = 170.718</msg>
<status status="PASS" starttime="20230510 22:27:47.543" endtime="20230510 22:27:48.213"/>
</kw>
<kw name="Log" library="BuiltIn">
<arg>${mortgage_estimate}</arg>
<doc>Logs the given message with the given level.</doc>
<msg timestamp="20230510 22:27:48.216" level="INFO">170.718</msg>
<status status="PASS" starttime="20230510 22:27:48.214" endtime="20230510 22:27:48.216"/>
</kw>
<kw name="Remove String" library="String">
<var>${mortgage_estimate}</var>
<arg>${mortgage_estimate}</arg>
<arg>.</arg>
<doc>Removes all ``removables`` from the given ``string``.</doc>
<msg timestamp="20230510 22:27:48.219" level="INFO">${mortgage_estimate} = 170718</msg>
<status status="PASS" starttime="20230510 22:27:48.218" endtime="20230510 22:27:48.219"/>
</kw>
<kw name="Convert To Number" library="BuiltIn">
<var>${mortgage_estimate_num}</var>
<arg>${mortgage_estimate}</arg>
<doc>Converts the given item to a floating point number.</doc>
<msg timestamp="20230510 22:27:48.221" level="INFO">${mortgage_estimate_num} = 170718.0</msg>
<status status="PASS" starttime="20230510 22:27:48.220" endtime="20230510 22:27:48.221"/>
</kw>
<kw name="Run Keyword If" library="BuiltIn">
<arg>${mortgage_estimate_num} &gt;= 0</arg>
<arg>Log</arg>
<arg>Mortgage estimate is numeric.</arg>
<arg>ELSE</arg>
<arg>Fail</arg>
<arg>Mortgage estimate is not numeric.</arg>
<doc>Runs the given keyword with the given arguments, if ``condition`` is true.</doc>
<kw name="Log" library="BuiltIn">
<arg>Mortgage estimate is numeric.</arg>
<doc>Logs the given message with the given level.</doc>
<msg timestamp="20230510 22:27:48.224" level="INFO">Mortgage estimate is numeric.</msg>
<status status="PASS" starttime="20230510 22:27:48.223" endtime="20230510 22:27:48.224"/>
</kw>
<status status="PASS" starttime="20230510 22:27:48.222" endtime="20230510 22:27:48.224"/>
</kw>
<kw name="Set Suite Variable" library="BuiltIn">
<arg>$mortgage_estimate_num_self</arg>
<arg>${mortgage_estimate_num}</arg>
<doc>Makes a variable available everywhere within the scope of the current suite.</doc>
<msg timestamp="20230510 22:27:48.226" level="INFO">${mortgage_estimate_num_self} = 170718.0</msg>
<status status="PASS" starttime="20230510 22:27:48.225" endtime="20230510 22:27:48.226"/>
</kw>
<kw name="Log Many" library="BuiltIn">
<arg>${mortgage_estimate_num_fixed}</arg>
<arg>${mortgage_estimate_num_self}</arg>
<arg>${mortgage_estimate_num_flex}</arg>
<doc>Logs the given messages as separate entries using the INFO level.</doc>
<msg timestamp="20230510 22:27:48.228" level="INFO">233601.0</msg>
<msg timestamp="20230510 22:27:48.228" level="INFO">170718.0</msg>
<msg timestamp="20230510 22:27:48.228" level="INFO">0.0</msg>
<status status="PASS" starttime="20230510 22:27:48.227" endtime="20230510 22:27:48.229"/>
</kw>
<kw name="Run Keyword If" library="BuiltIn">
<arg>$mortgage_estimate_num_fixed &gt;= $mortgage_estimate_num_self &gt;= $mortgage_estimate_num_flex</arg>
<arg>Log</arg>
<arg>Test PASSED - greater/equal mortgage estimate for "Fixed" compared to "Flex" and "Self-employed" contract.</arg>
<arg>ELSE</arg>
<arg>Fail</arg>
<arg>Test FAILED - "Self-employment" contract is either not lower than "Fixed" contract, and/or not greater than "Flex" contract.</arg>
<doc>Runs the given keyword with the given arguments, if ``condition`` is true.</doc>
<kw name="Log" library="BuiltIn">
<arg>Test PASSED - greater/equal mortgage estimate for "Fixed" compared to "Flex" and "Self-employed" contract.</arg>
<doc>Logs the given message with the given level.</doc>
<msg timestamp="20230510 22:27:48.231" level="INFO">Test PASSED - greater/equal mortgage estimate for "Fixed" compared to "Flex" and "Self-employed" contract.</msg>
<status status="PASS" starttime="20230510 22:27:48.231" endtime="20230510 22:27:48.232"/>
</kw>
<status status="PASS" starttime="20230510 22:27:48.230" endtime="20230510 22:27:48.232"/>
</kw>
<kw name="Sleep" library="BuiltIn">
<arg>1 s</arg>
<doc>Pauses the test executed for the given time.</doc>
<msg timestamp="20230510 22:27:49.235" level="INFO">Slept 1 second</msg>
<status status="PASS" starttime="20230510 22:27:48.233" endtime="20230510 22:27:49.235"/>
</kw>
<status status="PASS" starttime="20230510 22:27:39.663" endtime="20230510 22:27:49.235"/>
</test>
<doc>"ABN Test Numeric Mortgage Calculation" goes through the simplest choice
path of the mortgage calculator and checks whether the output is a numeric
mortgage estimate.
"ABN Test Valid Age Input" checks whether the calculator flow stops for
invalid age input.
"ABN Test Ordinal Mortgage Calculation" checks whether relative mortgate
estimates are correctly assigned given employment contract modifiers
- Fixed, Flexible, Self-Employed - provided that other modifiers are fixed.</doc>
<meta name="Version">1.2</meta>
<status status="PASS" starttime="20230510 22:26:28.005" endtime="20230510 22:27:49.244"/>
</suite>
<statistics>
<total>
<stat pass="4" fail="0" skip="0">All Tests</stat>
</total>
<tag>
</tag>
<suite>
<stat pass="4" fail="0" skip="0" id="s1" name="Practice Test Automation">Practice Test Automation</stat>
</suite>
</statistics>
<errors>
</errors>
</robot>
