<?xml version="1.0" encoding="UTF-8"?>
<robot generator="Robot 6.0.2 (Python 3.11.3 on win32)" generated="20230507 20:01:12.212" rpa="false" schemaversion="3">
<suite id="s1" name="Practice Test Automation" source="c:\Users\mstza\surfdrive\RobotFrameworkDemos\practice_test_automation.robot">
<test id="s1-t1" name="ABN Test Numeric Mortgage Calculation" line="33">
<kw name="Register Keyword To Run On Failure" library="Browser">
<arg>Take Screenshot</arg>
<arg>failure-{index}</arg>
<arg>fullPage=True</arg>
<tag>Config</tag>
<doc>Sets the keyword to execute, when a Browser keyword fails.</doc>
<msg timestamp="20230507 20:01:13.652" level="INFO">'Take Screenshot  failure-{index}  fullPage=True' will be run on failure.</msg>
<status status="PASS" starttime="20230507 20:01:13.652" endtime="20230507 20:01:13.660"/>
</kw>
<kw name="New Browser" library="Browser">
<arg>firefox</arg>
<arg>headless=false</arg>
<tag>BrowserControl</tag>
<tag>Setter</tag>
<doc>Create a new playwright Browser with specified options.</doc>
<msg timestamp="20230507 20:01:13.661" level="INFO">{"browser": "firefox", "headless": false, "devtools": false, "handleSIGHUP": true, "handleSIGINT": true, "handleSIGTERM": true, "slowMo": 0.0, "timeout": 30000.0, "deprecated_pos_args": [], "tracesDir": "C:\\Users\\mstza\\surfdrive\\RobotFrameworkDemos\\browser\\traces\\020e6d54-45a9-4ddc-8b08-30d6bb60e3a9"}</msg>
<msg timestamp="20230507 20:01:15.130" level="INFO">Successfully created browser with options: {"browser":"firefox","headless":false,"devtools":false,"handleSIGHUP":true,"handleSIGINT":true,"handleSIGTERM":true,"slowMo":0,"timeout":30000,"deprecated_pos_args":[],"tracesDir":"C:\\Users\\mstza\\surfdrive\\RobotFrameworkDemos\\browser\\traces\\020e6d54-45a9-4ddc-8b08-30d6bb60e3a9"}</msg>
<status status="PASS" starttime="20230507 20:01:13.661" endtime="20230507 20:01:15.130"/>
</kw>
<kw name="New Context" library="Browser">
<arg>viewport={'width': 1920, 'height': 1080}</arg>
<tag>BrowserControl</tag>
<tag>Setter</tag>
<doc>Create a new BrowserContext with specified options.</doc>
<msg timestamp="20230507 20:01:15.138" level="INFO">{
  "acceptDownloads": true,
  "bypassCSP": false,
  "forcedColors": "none",
  "hideRfBrowser": false,
  "ignoreHTTPSErrors": false,
  "javaScriptEnabled": true,
  "offline": false,
  "reducedMotion": "no-preference",
  "viewport": {
    "width": 1920,
    "height": 1080
  },
  "deprecated_pos_args": []
}</msg>
<msg timestamp="20230507 20:01:15.279" level="INFO">Successfully created context. </msg>
<msg timestamp="20230507 20:01:15.279" level="INFO">{'acceptDownloads': True, 'bypassCSP': False, 'forcedColors': 'none', 'hideRfBrowser': False, 'ignoreHTTPSErrors': False, 'javaScriptEnabled': True, 'offline': False, 'reducedMotion': 'no-preference', 'viewport': {'width': 1920, 'height': 1080}, 'deprecated_pos_args': []}</msg>
<status status="PASS" starttime="20230507 20:01:15.130" endtime="20230507 20:01:15.279"/>
</kw>
<kw name="Set Browser Timeout" library="Browser">
<arg>0:00:30</arg>
<tag>Config</tag>
<tag>Setter</tag>
<doc>Sets the timeout used by most input and getter keywords.</doc>
<msg timestamp="20230507 20:01:15.295" level="INFO">Set timeout to: 30000</msg>
<status status="PASS" starttime="20230507 20:01:15.279" endtime="20230507 20:01:15.295"/>
</kw>
<kw name="New Page" library="Browser">
<arg>https://www.abnamro.nl/nl/prive/hypotheken/maximale-hypotheek-berekenen.html</arg>
<tag>BrowserControl</tag>
<tag>Setter</tag>
<doc>Open a new Page.</doc>
<msg timestamp="20230507 20:01:20.853" level="INFO">Successfully initialized new page object and opened url: https://www.abnamro.nl/nl/prive/hypotheken/maximale-hypotheek-berekenen.html</msg>
<status status="PASS" starttime="20230507 20:01:15.295" endtime="20230507 20:01:20.853"/>
</kw>
<kw name="Log" library="BuiltIn">
<arg>Page opened.</arg>
<doc>Logs the given message with the given level.</doc>
<msg timestamp="20230507 20:01:20.861" level="INFO">Page opened.</msg>
<status status="PASS" starttime="20230507 20:01:20.861" endtime="20230507 20:01:20.861"/>
</kw>
<kw name="Get Title" library="Browser">
<var>${title}</var>
<tag>Assertion</tag>
<tag>Getter</tag>
<tag>PageContent</tag>
<doc>Returns the title of the current page.</doc>
<msg timestamp="20230507 20:01:21.046" level="INFO">Title: 'Hypotheek berekenen in 2023 - ABN AMRO'</msg>
<msg timestamp="20230507 20:01:21.046" level="INFO">${title} = Hypotheek berekenen in 2023 - ABN AMRO</msg>
<status status="PASS" starttime="20230507 20:01:20.861" endtime="20230507 20:01:21.046"/>
</kw>
<kw name="Should Be Equal" library="BuiltIn">
<arg>${title}</arg>
<arg>Hypotheek berekenen in 2023 - ABN AMRO</arg>
<doc>Fails if the given objects are unequal.</doc>
<status status="PASS" starttime="20230507 20:01:21.054" endtime="20230507 20:01:21.054"/>
</kw>
<kw name="Open Iframe">
<arg>selector=//iframe[@id="29789"]</arg>
<doc>Opens an Iframe in a new page.</doc>
<kw name="Get Attribute" library="Browser">
<var>${iframe}</var>
<arg>${selector}</arg>
<arg>src</arg>
<tag>Assertion</tag>
<tag>Getter</tag>
<tag>PageContent</tag>
<doc>Returns the HTML ``attribute`` of the element found by ``selector``.</doc>
<msg timestamp="20230507 20:01:21.229" level="INFO">Attribute is: 'https://hypotheken.abnamro.nl/hypotheekorientatie/app/#/berekening-toevoegen'</msg>
<msg timestamp="20230507 20:01:21.229" level="INFO">${iframe} = https://hypotheken.abnamro.nl/hypotheekorientatie/app/#/berekening-toevoegen</msg>
<status status="PASS" starttime="20230507 20:01:21.054" endtime="20230507 20:01:21.229"/>
</kw>
<kw name="Log" library="BuiltIn">
<arg>${iframe}</arg>
<doc>Logs the given message with the given level.</doc>
<msg timestamp="20230507 20:01:21.229" level="INFO">https://hypotheken.abnamro.nl/hypotheekorientatie/app/#/berekening-toevoegen</msg>
<status status="PASS" starttime="20230507 20:01:21.229" endtime="20230507 20:01:21.229"/>
</kw>
<kw name="New Page" library="Browser">
<arg>${iframe}</arg>
<tag>BrowserControl</tag>
<tag>Setter</tag>
<doc>Open a new Page.</doc>
<msg timestamp="20230507 20:01:22.617" level="INFO">Successfully initialized new page object and opened url: https://hypotheken.abnamro.nl/hypotheekorientatie/app/#/berekening-toevoegen</msg>
<status status="PASS" starttime="20230507 20:01:21.229" endtime="20230507 20:01:22.618"/>
</kw>
<status status="PASS" starttime="20230507 20:01:21.054" endtime="20230507 20:01:22.619"/>
</kw>
<kw name="Click" library="Browser">
<arg>//button[@data-element-label="Ik heb nog geen hypotheek bij ABN AMRO"]</arg>
<tag>PageContent</tag>
<tag>Setter</tag>
<doc>Simulates mouse click on the element found by ``selector``.</doc>
<status status="PASS" starttime="20230507 20:01:22.626" endtime="20230507 20:01:23.784"/>
</kw>
<kw name="Click" library="Browser">
<arg>//img[@alt="Alleen"]</arg>
<tag>PageContent</tag>
<tag>Setter</tag>
<doc>Simulates mouse click on the element found by ``selector``.</doc>
<status status="PASS" starttime="20230507 20:01:23.784" endtime="20230507 20:01:24.116"/>
</kw>
<kw name="Get Url" library="Browser">
<var>${url_page_3}</var>
<tag>Assertion</tag>
<tag>Getter</tag>
<tag>PageContent</tag>
<doc>Returns the current URL.</doc>
<msg timestamp="20230507 20:01:24.124" level="INFO">${url_page_3} = https://hypotheken.abnamro.nl/hypotheekorientatie/app/#/berekening-toevoegen-flow?amountOfApplicants=alone</msg>
<status status="PASS" starttime="20230507 20:01:24.116" endtime="20230507 20:01:24.124"/>
</kw>
<kw name="Set Suite Variable" library="BuiltIn">
<arg>$url_page_3</arg>
<doc>Makes a variable available everywhere within the scope of the current suite.</doc>
<msg timestamp="20230507 20:01:24.132" level="INFO">${url_page_3} = https://hypotheken.abnamro.nl/hypotheekorientatie/app/#/berekening-toevoegen-flow?amountOfApplicants=alone</msg>
<status status="PASS" starttime="20230507 20:01:24.132" endtime="20230507 20:01:24.132"/>
</kw>
<kw name="Type Text" library="Browser">
<arg>//input[@id="age"]</arg>
<arg>txt="30"</arg>
<arg>delay=200 ms</arg>
<tag>PageContent</tag>
<tag>Setter</tag>
<doc>Types the given ``txt`` into the text field found by ``selector``.</doc>
<msg timestamp="20230507 20:01:24.132" level="INFO">Types the text '"30"' in the given field.</msg>
<status status="PASS" starttime="20230507 20:01:24.132" endtime="20230507 20:01:25.167"/>
</kw>
<kw name="Click" library="Browser">
<arg>//button[@class="base-btn__inner-button"]</arg>
<tag>PageContent</tag>
<tag>Setter</tag>
<doc>Simulates mouse click on the element found by ``selector``.</doc>
<status status="PASS" starttime="20230507 20:01:25.168" endtime="20230507 20:01:25.540"/>
</kw>
<kw name="Click" library="Browser">
<arg>//button[@class="base-btn__inner-button"]</arg>
<tag>PageContent</tag>
<tag>Setter</tag>
<doc>Simulates mouse click on the element found by ``selector``.</doc>
<status status="PASS" starttime="20230507 20:01:25.542" endtime="20230507 20:01:25.790"/>
</kw>
<kw name="Type Text" library="Browser">
<arg>css=input#inputId</arg>
<arg>txt="55.555"</arg>
<arg>delay=200 ms</arg>
<tag>PageContent</tag>
<tag>Setter</tag>
<doc>Types the given ``txt`` into the text field found by ``selector``.</doc>
<msg timestamp="20230507 20:01:25.794" level="INFO">Types the text '"55.555"' in the given field.</msg>
<status status="PASS" starttime="20230507 20:01:25.792" endtime="20230507 20:01:27.600"/>
</kw>
<kw name="Click" library="Browser">
<arg>//button[@class="base-btn__inner-button"]</arg>
<tag>PageContent</tag>
<tag>Setter</tag>
<doc>Simulates mouse click on the element found by ``selector``.</doc>
<status status="PASS" starttime="20230507 20:01:27.601" endtime="20230507 20:01:28.368"/>
</kw>
<kw name="Click" library="Browser">
<arg>//span[text()="Nee"]/parent::div</arg>
<tag>PageContent</tag>
<tag>Setter</tag>
<doc>Simulates mouse click on the element found by ``selector``.</doc>
<status status="PASS" starttime="20230507 20:01:28.369" endtime="20230507 20:01:28.537"/>
</kw>
<kw name="Click" library="Browser">
<arg>//span[text()="Nee"]/parent::div</arg>
<tag>PageContent</tag>
<tag>Setter</tag>
<doc>Simulates mouse click on the element found by ``selector``.</doc>
<status status="PASS" starttime="20230507 20:01:28.538" endtime="20230507 20:01:28.712"/>
</kw>
<kw name="Click" library="Browser">
<arg>//span[text()="Nee"]/parent::div</arg>
<tag>PageContent</tag>
<tag>Setter</tag>
<doc>Simulates mouse click on the element found by ``selector``.</doc>
<status status="PASS" starttime="20230507 20:01:28.714" endtime="20230507 20:01:28.879"/>
</kw>
<kw name="Get Text" library="Browser">
<var>${mortgage_amount}</var>
<arg>//span[@class="calculation-total__amount"]</arg>
<tag>Assertion</tag>
<tag>Getter</tag>
<tag>PageContent</tag>
<doc>Returns text attribute of the element found by ``selector``.</doc>
<msg timestamp="20230507 20:01:29.898" level="INFO">Text: '229.500'</msg>
<msg timestamp="20230507 20:01:29.899" level="INFO">${mortgage_amount} = 229.500</msg>
<status status="PASS" starttime="20230507 20:01:28.880" endtime="20230507 20:01:29.899"/>
</kw>
<kw name="Log" library="BuiltIn">
<arg>${mortgage_amount}</arg>
<doc>Logs the given message with the given level.</doc>
<msg timestamp="20230507 20:01:29.901" level="INFO">229.500</msg>
<status status="PASS" starttime="20230507 20:01:29.900" endtime="20230507 20:01:29.901"/>
</kw>
<kw name="Remove String" library="String">
<var>${mortgage_amount}</var>
<arg>${mortgage_amount}</arg>
<arg>.</arg>
<doc>Removes all ``removables`` from the given ``string``.</doc>
<msg timestamp="20230507 20:01:29.903" level="INFO">${mortgage_amount} = 229500</msg>
<status status="PASS" starttime="20230507 20:01:29.902" endtime="20230507 20:01:29.903"/>
</kw>
<kw name="Convert To Number" library="BuiltIn">
<var>${numeric_test_result}</var>
<arg>${mortgage_amount}</arg>
<doc>Converts the given item to a floating point number.</doc>
<msg timestamp="20230507 20:01:29.905" level="INFO">${numeric_test_result} = 229500.0</msg>
<status status="PASS" starttime="20230507 20:01:29.904" endtime="20230507 20:01:29.905"/>
</kw>
<kw name="Run Keyword If" library="BuiltIn">
<arg>${numeric_test_result} &gt;= 0</arg>
<arg>Log</arg>
<arg>Mortgage amount is numeric.</arg>
<arg>ELSE</arg>
<arg>Fail</arg>
<arg>Mortgage amount is not numeric.</arg>
<doc>Runs the given keyword with the given arguments, if ``condition`` is true.</doc>
<kw name="Log" library="BuiltIn">
<arg>Mortgage amount is numeric.</arg>
<doc>Logs the given message with the given level.</doc>
<msg timestamp="20230507 20:01:29.911" level="INFO">Mortgage amount is numeric.</msg>
<status status="PASS" starttime="20230507 20:01:29.910" endtime="20230507 20:01:29.911"/>
</kw>
<status status="PASS" starttime="20230507 20:01:29.909" endtime="20230507 20:01:29.912"/>
</kw>
<kw name="Sleep" library="BuiltIn">
<arg>5 s</arg>
<doc>Pauses the test executed for the given time.</doc>
<msg timestamp="20230507 20:01:34.914" level="INFO">Slept 5 seconds</msg>
<status status="PASS" starttime="20230507 20:01:29.913" endtime="20230507 20:01:34.914"/>
</kw>
<status status="PASS" starttime="20230507 20:01:13.644" endtime="20230507 20:01:34.915"/>
</test>
<test id="s1-t2" name="ABN Test Valid Age Input" line="73">
<kw name="New Page" library="Browser">
<arg>${url_page_3}</arg>
<tag>BrowserControl</tag>
<tag>Setter</tag>
<doc>Open a new Page.</doc>
<msg timestamp="20230507 20:01:36.575" level="INFO">Successfully initialized new page object and opened url: https://hypotheken.abnamro.nl/hypotheekorientatie/app/#/berekening-toevoegen-flow?amountOfApplicants=alone</msg>
<status status="PASS" starttime="20230507 20:01:34.921" endtime="20230507 20:01:36.575"/>
</kw>
<kw name="Type Text" library="Browser">
<arg>//input[@id="age"]</arg>
<arg>txt="1000"</arg>
<arg>delay=200 ms</arg>
<tag>PageContent</tag>
<tag>Setter</tag>
<doc>Types the given ``txt`` into the text field found by ``selector``.</doc>
<msg timestamp="20230507 20:01:36.579" level="INFO">Types the text '"1000"' in the given field.</msg>
<status status="PASS" starttime="20230507 20:01:36.575" endtime="20230507 20:01:38.280"/>
</kw>
<kw name="Run Keyword And Expect Error" library="BuiltIn">
<arg>TimeoutError: locator.click:*</arg>
<arg>Click</arg>
<arg>//button[@class="base-btn__inner-button"]</arg>
<doc>Runs the keyword and checks that the expected error occurred.</doc>
<kw name="Click" library="Browser">
<arg>//button[@class="base-btn__inner-button"]</arg>
<tag>PageContent</tag>
<tag>Setter</tag>
<doc>Simulates mouse click on the element found by ``selector``.</doc>
<msg timestamp="20230507 20:02:08.425" level="INFO" html="true">&lt;/td&gt;&lt;/tr&gt;&lt;tr&gt;&lt;td colspan="3"&gt;&lt;a href="browser/screenshot/failure-1.png" target="_blank"&gt;&lt;img src="browser/screenshot/failure-1.png" width="800px"/&gt;&lt;/a&gt;</msg>
<msg timestamp="20230507 20:02:08.425" level="FAIL">TimeoutError: locator.click: Timeout 30000ms exceeded.
=========================== logs ===========================
waiting for locator('xpath=//button[@class="base-btn__inner-button"]')
  locator resolved to &lt;button disabled type="button" data-v-655a9b73="" class=…&gt;…&lt;/button&gt;
attempting click action
  waiting for element to be visible, enabled and stable
    element is not enabled - waiting...
============================================================
Tip: Use "Set Browser Timeout" for increasing the timeout or double check your locator as the targeted element(s) couldn't be found.</msg>
<status status="FAIL" starttime="20230507 20:01:38.284" endtime="20230507 20:02:08.433"/>
</kw>
<status status="PASS" starttime="20230507 20:01:38.284" endtime="20230507 20:02:08.434"/>
</kw>
<status status="PASS" starttime="20230507 20:01:34.917" endtime="20230507 20:02:08.435"/>
</test>
<status status="PASS" starttime="20230507 20:01:12.220" endtime="20230507 20:02:08.441"/>
</suite>
<statistics>
<total>
<stat pass="2" fail="0" skip="0">All Tests</stat>
</total>
<tag>
</tag>
<suite>
<stat pass="2" fail="0" skip="0" id="s1" name="Practice Test Automation">Practice Test Automation</stat>
</suite>
</statistics>
<errors>
</errors>
</robot>
